<?xml version="1.0" encoding="UTF-8"?>
<!-- Generated by org.testng.reporters.JUnitReportReporter -->
<testsuite hostname="Vivek" failures="0" tests="1" name="com.object.repository.bard.product.TestProduct" time="0.000" errors="0" timestamp="2023-07-31T06:48:16 IST" skipped="1">
  <testcase classname="com.object.repository.bard.product.TestProduct" name="createProduct" time="0.000">
    <skipped/>
  </testcase> <!-- createProduct -->
  <system-out/>
</testsuite> <!-- com.object.repository.bard.product.TestProduct -->
