<?xml version="1.0" encoding="UTF-8"?>
<!-- Generated by org.testng.reporters.JUnitReportReporter -->
<testsuite hostname="Vivek" failures="0" tests="1" name="organization.CreateNewOrganizationTest" time="17.999" errors="0" timestamp="2023-07-30T16:29:05 IST" skipped="0">
  <testcase classname="organization.CreateNewOrganizationTest" name="createNewOrgTest" time="17.999"/>
  <system-out/>
</testsuite> <!-- organization.CreateNewOrganizationTest -->
