<?xml version="1.0" encoding="UTF-8"?>
<!-- Generated by org.testng.reporters.JUnitReportReporter -->
<testsuite hostname="Vivek" failures="0" tests="3" name="organization.CreateNewOrganizationTest" time="44.036" errors="0" timestamp="2023-07-30T17:56:16 IST" skipped="0">
  <testcase classname="organization.CreateNewOrganizationTest" name="createNewOrgTest" time="15.475"/>
  <system-out/>
  <testcase classname="organization.CreateNewOrganizationTest" name="createNewOrgTest" time="16.443"/>
  <system-out/>
  <testcase classname="organization.CreateNewOrganizationTest" name="createNewOrgTest" time="12.118"/>
  <system-out/>
</testsuite> <!-- organization.CreateNewOrganizationTest -->
