<?xml version="1.0" encoding="UTF-8"?>
<!-- Generated by org.testng.reporters.JUnitReportReporter -->
<testsuite hostname="Vivek" failures="0" tests="1" name="Product_Bard.Product" time="0.518" errors="0" timestamp="2023-07-31T06:55:09 IST" skipped="0">
  <testcase classname="Product_Bard.Product" name="createProduct" time="0.518"/>
  <system-out/>
</testsuite> <!-- Product_Bard.Product -->
